[Friday/February 14/02/2025 00:46:05] /home/elo/Downloads/The Venture Bros. (Seasons 1-6 +Commentary) [480p] [DVD] [1080p] [BD] [HEVC] [x265] [Batch] [pseudo]/Season 1/[pseudo] S01E04 The Incredible Mr. Brisby [480p] [h.265].mkv | length=1349.098 | time=3.879
[Friday/February 14/02/2025 00:46:11] /home/elo/Downloads/The Venture Bros. (Seasons 1-6 +Commentary) [480p] [DVD] [1080p] [BD] [HEVC] [x265] [Batch] [pseudo]/Season 1/[pseudo] S01E04 The Incredible Mr. Brisby [480p] [h.265].mkv | length=1349.098 | time=4.504
[Friday/February 14/02/2025 00:46:23] /home/elo/Downloads/The Venture Bros. (Seasons 1-6 +Commentary) [480p] [DVD] [1080p] [BD] [HEVC] [x265] [Batch] [pseudo]/Season 1/[pseudo] S01E08 Mid-Life Chrysalis [480p] [h.265].mkv | length=1330.496 | time=3.17
[Friday/February 14/02/2025 00:56:18] "The_Godfather_1_1972_720p_UPTV.co.mkv" | https://cdn.uptv.ir/?s=11&f=film/The_Godfather_1_1972_720p_UPTV.co.mkv | length=9797.832 | time=1179.96
[Friday/February 14/02/2025 00:56:22] "The_Godfather_1_1972_720p_UPTV.co.mkv" | https://cdn.uptv.ir/?s=11&f=film/The_Godfather_1_1972_720p_UPTV.co.mkv | length=9797.832 | time=0
[Friday/February 14/02/2025 00:57:02] "Best of Britta's Social Activism | Community" | https://www.youtube.com/watch?v=jc_bI78FHMg | length=862.801 | time=542
[Friday/February 14/02/2025 10:16:28] /home/elo/Downloads/The Venture Bros. (Seasons 1-6 +Commentary) [480p] [DVD] [1080p] [BD] [HEVC] [x265] [Batch] [pseudo]/Season 1/[pseudo] S01E08 Mid-Life Chrysalis [480p] [h.265].mkv | length=1330.496 | time=0
[Friday/February 14/02/2025 10:17:46] /home/elo/2025-02-14 10-17-05.mkv | length=12.35 | time=9.95
[Friday/February 14/02/2025 17:12:16] /home/elo/Downloads/The Venture Bros. (Seasons 1-6 +Commentary) [480p] [DVD] [1080p] [BD] [HEVC] [x265] [Batch] [pseudo]/Season 1/[pseudo] S01E08 Mid-Life Chrysalis [480p] [h.265].mkv | length=1330.496 | time=303.512
[Friday/February 14/02/2025 23:00:00] /home/elo/Videos/Coraline.2009.1080p.SoftSub.BluRay.x265.BONE.AlphaDL.mp4 | length=6036.175 | time=365.386
[Friday/February 14/02/2025 23:00:38] /home/elo/Videos/Primal/S_1/Primal S01E01 1080p 10bit WEBRip 6CH x265 HEVC PSA.mkv | length=1298.24 | time=1189.021
[Friday/February 14/02/2025 23:00:47] /home/elo/Videos/Primal/S_1/Primal S01E01 1080p 10bit WEBRip 6CH x265 HEVC PSA.mkv | length=1298.24 | time=1191.148
[Friday/February 14/02/2025 23:00:47] /home/elo/Videos/Primal/S_1/Primal S01E02 1080p 10bit WEBRip 6CH x265 HEVC PSA.mkv | length=1240.256 | time=0
[Friday/February 14/02/2025 23:12:02] /home/elo/Videos/Coraline/Coraline.2009.1080p.SoftSub.BluRay.x265.BONE.AlphaDL.mp4 | length=6036.175 | time=355.167
[Saturday/February 15/02/2025 08:22:33] /home/elo/Videos/Primal/S_1/Primal S01E02 1080p 10bit WEBRip 6CH x265 HEVC PSA.mkv | length=1240.256 | time=71.905
[Saturday/February 15/02/2025 08:22:37] /home/elo/Videos/Coraline.2009.1080p.SoftSub.BluRay.x265.BONE.AlphaDL.mp4 | length=6036.175 | time=25.63
[Saturday/February 22/02/2025 19:52:42] /home/elo/2025-02-22 19-49-33 (trimmed).mkv | length=21.876 | time=5.86
[Saturday/February 22/02/2025 19:56:09] /home/elo/Videos/2025-02-22 19-49-33 (trimmed).mp4 | length=21.909333333333 | time=21.876
[Saturday/February 22/02/2025 19:56:54] /home/elo/2025-02-22 19-49-33 (trimmed) (trimmed).mp4 | length=12.543 | time=2.8666666666667
[Saturday/February 22/02/2025 19:57:08] /home/elo/2025-02-22 19-49-33 (trimmed) (trimmed).mp4 | length=12.543 | time=1.5
[Saturday/February 22/02/2025 20:00:11] /home/elo/2025-02-22 19-57-58 (trimmed).mkv | length=21.217 | time=3.784
[Saturday/February 22/02/2025 20:01:22] /home/elo/last new.mkv | length=21.617 | time=4.084
[Saturday/February 22/02/2025 20:02:07] /home/elo/2025-02-22 19-49-33 (trimmed).mkv | length=21.876 | time=4.226
[Saturday/February 22/02/2025 20:15:08] /home/elo/2025-02-22 20-12-45 (trimmed).mkv | length=23.616 | time=5.732
[Saturday/February 22/02/2025 20:16:14] /home/elo/2025-02-22 20-12-45 (trimmed).mkv | length=23.616 | time=2.966
[Saturday/February 22/02/2025 20:16:57] /home/elo/new.mkv | length=23.616 | time=2.699
[Saturday/February 22/02/2025 20:18:38] /home/elo/Videos/2025-02-22 20-12-45.mp4 | length=30.716666666667 | time=3
[Saturday/February 22/02/2025 20:19:59] /home/elo/Downloads/2025-02-22 20-12-45 (trimmed).mp4 | length=19.733 | time=5.1
[Saturday/February 22/02/2025 20:22:41] /home/elo/2025-02-22 20-21-37.mkv | length=53.684 | time=0.85
[Saturday/February 22/02/2025 20:28:54] /home/elo/Downloads/2025-02-22 20-24-56 (trimmed).mp4 | length=19.283 | time=19.266666666667
[Monday/February 24/02/2025 00:32:00] /home/elo/Downloads/ABDM/Videos/Arcane.S02E01.1080p.10bit.WEBRip.6CH.x265.PSA.mkv | length=2415.584 | time=1.708
[Monday/February 24/02/2025 12:26:30] /home/elo/Downloads/ABDM/Videos/Arcane.S02E01.1080p.10bit.WEBRip.6CH.x265.PSA.mkv | length=2415.584 | time=2375.5
[Monday/February 24/02/2025 12:39:34] /home/elo/Videos/Venture Bros/Season 1/[pseudo] S01E02 Careers in Science [480p] [h.265].mkv | length=1296.379 | time=678.177
[Tuesday/February 25/02/2025 11:09:43] /home/elo/Downloads/ABDM/Compressed/Udemy - Complete NodeJS Developer (GraphQL, MongoDB, + more) 2024-9/16 - Node Production and the Cloud (Docker + AWS)/5 -Installing Docker.mp4 | length=208.00399092971 | time=89.033333333333
[Tuesday/February 25/02/2025 11:54:45] /home/elo/Videos/Venture Bros/Season 1/[pseudo] S01E03 Home Insecurity [480p] [h.265].mkv | length=1342.508 | time=905.905
[Tuesday/February 25/02/2025 23:54:52] /home/elo/Downloads/ABDM/Videos/Arcane.S02E02.1080p.10bit.WEBRip.6CH.x265.PSA.mkv | length=2371.459 | time=2190.792
[Thursday/February 27/02/2025 12:00:57] /home/elo/Videos/Venture Bros/Season 1/[pseudo] S01E03 Home Insecurity [480p] [h.265].mkv | length=1342.508 | time=1342.466
[Thursday/February 27/02/2025 12:23:55] /home/elo/Videos/Venture Bros/Season 1/[pseudo] S01E04 The Incredible Mr. Brisby [480p] [h.265].mkv | length=1349.098 | time=1325.824
[Thursday/February 27/02/2025 12:24:07] /home/elo/Videos/Venture Bros/Season 1/[pseudo] S01E05 Eeney, Meeney, Miney... Magic! [480p] [h.265].mkv | length=1356.522 | time=10.719
[Thursday/February 27/02/2025 12:47:23] /home/elo/Videos/Venture Bros/Season 1/[pseudo] S01E05 Eeney, Meeney, Miney... Magic! [480p] [h.265].mkv | length=1356.522 | time=1356.522
[Thursday/February 27/02/2025 14:33:05] /home/elo/Videos/Venture Bros/Season 1/[pseudo] S01E06 Ghosts of the Sargasso [480p] [h.265].mkv | length=1382.048 | time=12.012
[Thursday/February 27/02/2025 14:35:33] /home/elo/Videos/Venture Bros/Season 1/[pseudo] S01E06 Ghosts of the Sargasso [480p] [h.265].mkv | length=1382.048 | time=18.685
